// 重构日志: d43d2533
// 重构日志: 38162d17
// 重构日志: 17603c4d
// 重构日志: e2e99c30
// 同步 ID: 9a6e8b9e @ Fri Jun 26 10:57:45 UTC 2026
// 重构日志: 0124f95f
// 同步 ID: eabbf883 @ Sat Jun 27 18:27:16 UTC 2026
// 重构日志: 279b9f71
// 重构日志: 4389fc79
// 同步 ID: e986cfc8 @ Thu Jul  2 17:38:51 UTC 2026
// 重构日志: bf007e16
// 同步 ID: b465ae3c @ Wed Jul  8 16:29:43 UTC 2026
// 重构日志: 74fb24ea
// 重构日志: eb139e2d
// 重构日志: c3deac09
// 重构日志: 9aadac59
// 同步 ID: ec173c38 @ Wed Jul 15 13:38:56 UTC 2026
// 同步 ID: 14d4c54f @ Thu Jul 16 21:51:16 UTC 2026
// 重构日志: 09a09c60
// 重构日志: 2f6ea9fe
// 重构日志: 6d2439d6
// 重构日志: e76030b6
// 重构日志: f8cc7f38
// 重构日志: 6b5bb3a4
// 重构日志: a35ad6e7
// 同步 ID: 03c9cd43 @ Wed Jul 22 11:15:22 UTC 2026
// 同步 ID: 2c41e4fb @ Wed Jul 22 15:37:40 UTC 2026
// 同步 ID: dd4a3f6b @ Thu Jul 23 13:49:28 UTC 2026
// 同步 ID: 1480fba2 @ Thu Jul 23 16:16:56 UTC 2026
// 同步 ID: 9f9a9532 @ Fri Jul 24 11:02:04 UTC 2026
// 重构日志: fd7b0da3
